Using pre-set license
Built from '2022.2/staging' branch; Version is '2022.2.12f1 (022dac4955a3) revision 142764'; Using compiler version '192829333'; Build Type 'Release'
OS: 'Windows 10  (10.0.19045) 64bit Professional' Language: 'ru' Physical Memory: 12193 MB
BatchMode: 1, IsHumanControllingUs: 0, StartBugReporterOnCrash: 0, Is64bit: 1, IsPro: 1

COMMAND LINE ARGUMENTS:
C:\Program Files\Unity 2022.2.12f1\Editor\Unity.exe
-adb2
-batchMode
-noUpm
-name
AssetImportWorker0
-projectPath
C:/Users/diden/OneDrive/Документы/Projects/Unity-Projects/Fluppy Bird
-logFile
Logs/AssetImportWorker0.log
-srvPort
60900
Successfully changed project path to: C:/Users/diden/OneDrive/Документы/Projects/Unity-Projects/Fluppy Bird
C:/Users/diden/OneDrive/Документы/Projects/Unity-Projects/Fluppy Bird
[UnityMemory] Configuration Parameters - Can be set up in boot.config
    "memorysetup-bucket-allocator-granularity=16"
    "memorysetup-bucket-allocator-bucket-count=8"
    "memorysetup-bucket-allocator-block-size=33554432"
    "memorysetup-bucket-allocator-block-count=8"
    "memorysetup-main-allocator-block-size=16777216"
    "memorysetup-thread-allocator-block-size=16777216"
    "memorysetup-gfx-main-allocator-block-size=16777216"
    "memorysetup-gfx-thread-allocator-block-size=16777216"
    "memorysetup-cache-allocator-block-size=4194304"
    "memorysetup-typetree-allocator-block-size=2097152"
    "memorysetup-profiler-bucket-allocator-granularity=16"
    "memorysetup-profiler-bucket-allocator-bucket-count=8"
    "memorysetup-profiler-bucket-allocator-block-size=33554432"
    "memorysetup-profiler-bucket-allocator-block-count=8"
    "memorysetup-profiler-allocator-block-size=16777216"
    "memorysetup-profiler-editor-allocator-block-size=1048576"
    "memorysetup-temp-allocator-size-main=16777216"
    "memorysetup-job-temp-allocator-block-size=2097152"
    "memorysetup-job-temp-allocator-block-size-background=1048576"
    "memorysetup-job-temp-allocator-reduction-small-platforms=262144"
    "memorysetup-temp-allocator-size-background-worker=32768"
    "memorysetup-temp-allocator-size-job-worker=262144"
    "memorysetup-temp-allocator-size-preload-manager=33554432"
    "memorysetup-temp-allocator-size-nav-mesh-worker=65536"
    "memorysetup-temp-allocator-size-audio-worker=65536"
    "memorysetup-temp-allocator-size-cloud-worker=32768"
    "memorysetup-temp-allocator-size-gi-baking-worker=262144"
    "memorysetup-temp-allocator-size-gfx=262144"
Player connection [14664] Host "[IP] 192.168.0.7 [Port] 0 [Flags] 2 [Guid] 3271548594 [EditorId] 3271548594 [Version] 1048832 [Id] WindowsEditor(7,DESKTOP-4VIM6DV) [Debug] 1 [PackageName] WindowsEditor [ProjectName] Editor" joined multi-casting on [225.0.0.222:54997]...

Player connection [14664] Host "[IP] 192.168.0.7 [Port] 0 [Flags] 2 [Guid] 3271548594 [EditorId] 3271548594 [Version] 1048832 [Id] WindowsEditor(7,DESKTOP-4VIM6DV) [Debug] 1 [PackageName] WindowsEditor [ProjectName] Editor" joined alternative multi-casting on [225.0.0.222:34997]...

Refreshing native plugins compatible for Editor in 25.01 ms, found 4 plugins.
Preloading 0 native plugins for Editor in 0.00 ms.
Initialize engine version: 2022.2.12f1 (022dac4955a3)
[Subsystems] Discovering subsystems at path C:/Program Files/Unity 2022.2.12f1/Editor/Data/Resources/UnitySubsystems
[Subsystems] Discovering subsystems at path C:/Users/diden/OneDrive/Документы/Projects/Unity-Projects/Fluppy Bird/Assets
GfxDevice: creating device client; threaded=0; jobified=0
Direct3D:
    Version:  Direct3D 11.0 [level 10.1]
    Renderer: Intel(R) HD Graphics 3000 (ID=0x116)
    Vendor:   Intel
    VRAM:     128 MB
    Driver:   9.17.10.4459
Initialize mono
Mono path[0] = 'C:/Program Files/Unity 2022.2.12f1/Editor/Data/Managed'
Mono path[1] = 'C:/Program Files/Unity 2022.2.12f1/Editor/Data/MonoBleedingEdge/lib/mono/unityjit-win32'
Mono config path = 'C:/Program Files/Unity 2022.2.12f1/Editor/Data/MonoBleedingEdge/etc'
Using monoOptions --debugger-agent=transport=dt_socket,embedding=1,server=y,suspend=n,address=127.0.0.1:56796
Begin MonoManager ReloadAssembly
Registering precompiled unity dll's ...
Register platform support module: C:/Program Files/Unity 2022.2.12f1/Editor/Data/PlaybackEngines/WindowsStandaloneSupport/UnityEditor.WindowsStandalone.Extensions.dll
Registered in 0.016113 seconds.
- Loaded All Assemblies, in  0.835 seconds
Native extension for WindowsStandalone target not found
Mono: successfully reloaded assembly
- Finished resetting the current domain, in  0.692 seconds
Domain Reload Profiling:
	ReloadAssembly (482ms)
		BeginReloadAssembly (237ms)
			ExecutionOrderSort (0ms)
			DisableScriptedObjects (0ms)
			BackupInstance (0ms)
			ReleaseScriptingObjects (0ms)
			CreateAndSetChildDomain (1ms)
		LoadAllAssembliesAndSetupDomain (0ms)
			LoadAssemblies (233ms)
			RebuildTransferFunctionScriptingTraits (0ms)
			SetupTypeCache (335ms)
				TypeCache.Initialize (331ms)
					TypeCache.ScanAssembly (327ms)
				ResolveRequiredComponents (2ms)
		FinalizeReload (0ms)
			ReleaseScriptCaches (0ms)
			RebuildScriptCaches (0ms)
			SetupLoadedEditorAssemblies (537ms)
				LogAssemblyErrors (0ms)
				InitializePlatformSupportModulesInManaged (21ms)
				SetLoadedEditorAssemblies (15ms)
				RefreshPlugins (0ms)
				BeforeProcessingInitializeOnLoad (2ms)
				ProcessInitializeOnLoadAttributes (369ms)
				ProcessInitializeOnLoadMethodAttributes (130ms)
				AfterProcessingInitializeOnLoad (0ms)
				EditorAssembliesLoaded (0ms)
			ExecutionOrderSort2 (0ms)
			AwakeInstancesAfterBackupRestoration (0ms)
========================================================================
Worker process is ready to serve import requests
Begin MonoManager ReloadAssembly
Symbol file LoadedFromMemory doesn't match image C:\Users\diden\OneDrive\Документы\Projects\Unity-Projects\Fluppy Bird\Library\PackageCache\com.unity.visualscripting@1.8.0\Editor\VisualScripting.Core\Dependencies\YamlDotNet\Unity.VisualScripting.YamlDotNet.dll
Symbol file LoadedFromMemory doesn't match image C:\Users\diden\OneDrive\Документы\Projects\Unity-Projects\Fluppy Bird\Library\PackageCache\com.unity.visualscripting@1.8.0\Editor\VisualScripting.Core\Dependencies\DotNetZip\Unity.VisualScripting.IonicZip.dll
- Loaded All Assemblies, in  1.729 seconds
Refreshing native plugins compatible for Editor in 12.41 ms, found 4 plugins.
Native extension for WindowsStandalone target not found
Mono: successfully reloaded assembly
- Finished resetting the current domain, in  1.266 seconds
Domain Reload Profiling:
	ReloadAssembly (515ms)
		BeginReloadAssembly (304ms)
			ExecutionOrderSort (0ms)
			DisableScriptedObjects (12ms)
			BackupInstance (0ms)
			ReleaseScriptingObjects (0ms)
			CreateAndSetChildDomain (45ms)
		LoadAllAssembliesAndSetupDomain (1207ms)
			LoadAssemblies (639ms)
			RebuildTransferFunctionScriptingTraits (0ms)
			SetupTypeCache (701ms)
				TypeCache.Initialize (643ms)
					TypeCache.ScanAssembly (634ms)
				ResolveRequiredComponents (16ms)
		FinalizeReload (0ms)
			ReleaseScriptCaches (0ms)
			RebuildScriptCaches (0ms)
			SetupLoadedEditorAssemblies (904ms)
				LogAssemblyErrors (0ms)
				InitializePlatformSupportModulesInManaged (15ms)
				SetLoadedEditorAssemblies (8ms)
				RefreshPlugins (0ms)
				BeforeProcessingInitializeOnLoad (151ms)
				ProcessInitializeOnLoadAttributes (620ms)
				ProcessInitializeOnLoadMethodAttributes (87ms)
				AfterProcessingInitializeOnLoad (23ms)
				EditorAssembliesLoaded (0ms)
			ExecutionOrderSort2 (0ms)
			AwakeInstancesAfterBackupRestoration (17ms)
Launched and connected shader compiler UnityShaderCompiler.exe after 0.09 seconds
Refreshing native plugins compatible for Editor in 11.68 ms, found 4 plugins.
Preloading 0 native plugins for Editor in 0.00 ms.
Unloading 3997 Unused Serialized files (Serialized files now loaded: 0)
Unloading 67 unused Assets / (255.4 KB). Loaded Objects now: 4452.
Memory consumption went from 133.4 MB to 133.2 MB.
Total: 7.123100 ms (FindLiveObjects: 1.048200 ms CreateObjectMapping: 0.446700 ms MarkObjects: 5.160100 ms  DeleteObjects: 0.466400 ms)

AssetImportParameters requested are different than current active one (requested -> active):
  custom:container-demuxer-ogg: 62fdf1f143b41e24485cea50d1cbac27 -> 
  custom:video-decoder-ogg-theora: a1e56fd34408186e4bbccfd4996cb3dc -> 
  custom:framework-win-MediaFoundation: 216162199b28c13a410421893ffa2e32 -> 
  custom:container-demuxer-webm: 4f35f7cbe854078d1ac9338744f61a02 -> 
  custom:container-muxer-webm: aa71ff27fc2769a1b78a27578f13a17b -> 
  custom:video-decoder-webm-vp8: 9c59270c3fd7afecdb556c50c9e8de78 -> 
  custom:AudioImporter_EditorPlatform: d09bf68614088b80899f8185d706f6e7 -> 
  custom:video-encoder-webm-vp8: eb34c28f22e8b96e1ab97ce403110664 -> 
  custom:audio-decoder-ogg-vorbis: bf7c407c2cedff20999df2af8eb42d56 -> 
  custom:audio-encoder-webm-vorbis: bf7c407c2cedff20999df2af8eb42d56 -> 
========================================================================
Received Import Request.
  Time since last request: 306819.994782 seconds.
  path: Assets/Prefabs/Pipe.prefab
  artifactKey: Guid(fb74199c9508eef41bb91ea657f0652f) Importer(815301076,1909f56bfc062723c751e8b465ee728b)
Start importing Assets/Prefabs/Pipe.prefab using Guid(fb74199c9508eef41bb91ea657f0652f) Importer(815301076,1909f56bfc062723c751e8b465ee728b)  -> (artifact id: '538ec43e4e2e3899b876e7d47aaeb26e') in 0.231863 seconds 
Number of updated asset objects reloaded before import = 0
Number of asset objects unloaded after import = 30
========================================================================
Received Import Request.
  Time since last request: 78.278703 seconds.
  path: Assets/Prefabs/Pipe.prefab
  artifactKey: Guid(fb74199c9508eef41bb91ea657f0652f) Importer(815301076,1909f56bfc062723c751e8b465ee728b)
Start importing Assets/Prefabs/Pipe.prefab using Guid(fb74199c9508eef41bb91ea657f0652f) Importer(815301076,1909f56bfc062723c751e8b465ee728b)  -> (artifact id: 'a68dac0dc3e1229644bbe4a7edc7f6ba') in 0.021035 seconds 
Number of updated asset objects reloaded before import = 0
Number of asset objects unloaded after import = 30
========================================================================
Received Import Request.
  Time since last request: 4.559123 seconds.
  path: Assets/Prefabs/Pipe.prefab
  artifactKey: Guid(fb74199c9508eef41bb91ea657f0652f) Importer(815301076,1909f56bfc062723c751e8b465ee728b)
Start importing Assets/Prefabs/Pipe.prefab using Guid(fb74199c9508eef41bb91ea657f0652f) Importer(815301076,1909f56bfc062723c751e8b465ee728b)  -> (artifact id: '65c65014f4cdff19fea76021b3b42865') in 0.019357 seconds 
Number of updated asset objects reloaded before import = 0
Number of asset objects unloaded after import = 30
========================================================================
Received Import Request.
  Time since last request: 14.640740 seconds.
  path: Assets/Prefabs/Pipe.prefab
  artifactKey: Guid(fb74199c9508eef41bb91ea657f0652f) Importer(815301076,1909f56bfc062723c751e8b465ee728b)
Start importing Assets/Prefabs/Pipe.prefab using Guid(fb74199c9508eef41bb91ea657f0652f) Importer(815301076,1909f56bfc062723c751e8b465ee728b)  -> (artifact id: 'd759d5d035de7e1f278463db4cc67b80') in 0.018036 seconds 
Number of updated asset objects reloaded before import = 0
Number of asset objects unloaded after import = 30
========================================================================
Received Prepare
Begin MonoManager ReloadAssembly
Symbol file LoadedFromMemory doesn't match image C:\Users\diden\OneDrive\Документы\Projects\Unity-Projects\Fluppy Bird\Library\PackageCache\com.unity.visualscripting@1.8.0\Editor\VisualScripting.Core\Dependencies\YamlDotNet\Unity.VisualScripting.YamlDotNet.dll
Symbol file LoadedFromMemory doesn't match image C:\Users\diden\OneDrive\Документы\Projects\Unity-Projects\Fluppy Bird\Library\PackageCache\com.unity.visualscripting@1.8.0\Editor\VisualScripting.Core\Dependencies\DotNetZip\Unity.VisualScripting.IonicZip.dll
- Loaded All Assemblies, in  1.378 seconds
Refreshing native plugins compatible for Editor in 8.91 ms, found 4 plugins.
Native extension for WindowsStandalone target not found
Mono: successfully reloaded assembly
- Finished resetting the current domain, in  1.997 seconds
Domain Reload Profiling:
	ReloadAssembly (414ms)
		BeginReloadAssembly (261ms)
			ExecutionOrderSort (0ms)
			DisableScriptedObjects (12ms)
			BackupInstance (0ms)
			ReleaseScriptingObjects (0ms)
			CreateAndSetChildDomain (66ms)
		LoadAllAssembliesAndSetupDomain (956ms)
			LoadAssemblies (542ms)
			RebuildTransferFunctionScriptingTraits (0ms)
			SetupTypeCache (536ms)
				TypeCache.Initialize (520ms)
					TypeCache.ScanAssembly (503ms)
				ResolveRequiredComponents (10ms)
		FinalizeReload (0ms)
			ReleaseScriptCaches (0ms)
			RebuildScriptCaches (0ms)
			SetupLoadedEditorAssemblies (764ms)
				LogAssemblyErrors (0ms)
				InitializePlatformSupportModulesInManaged (11ms)
				SetLoadedEditorAssemblies (6ms)
				RefreshPlugins (0ms)
				BeforeProcessingInitializeOnLoad (153ms)
				ProcessInitializeOnLoadAttributes (508ms)
				ProcessInitializeOnLoadMethodAttributes (71ms)
				AfterProcessingInitializeOnLoad (14ms)
				EditorAssembliesLoaded (0ms)
			ExecutionOrderSort2 (0ms)
			AwakeInstancesAfterBackupRestoration (21ms)
Refreshing native plugins compatible for Editor in 13.00 ms, found 4 plugins.
Preloading 0 native plugins for Editor in 0.00 ms.
Unloading 3978 Unused Serialized files (Serialized files now loaded: 0)
Unloading 41 unused Assets / (217.5 KB). Loaded Objects now: 4463.
Memory consumption went from 133.5 MB to 133.3 MB.
Total: 6.401800 ms (FindLiveObjects: 0.411000 ms CreateObjectMapping: 0.198900 ms MarkObjects: 5.471300 ms  DeleteObjects: 0.318500 ms)

Prepare: number of updated asset objects reloaded= 0
AssetImportParameters requested are different than current active one (requested -> active):
  custom:container-demuxer-ogg: 62fdf1f143b41e24485cea50d1cbac27 -> 
  custom:video-decoder-ogg-theora: a1e56fd34408186e4bbccfd4996cb3dc -> 
  custom:framework-win-MediaFoundation: 216162199b28c13a410421893ffa2e32 -> 
  custom:container-demuxer-webm: 4f35f7cbe854078d1ac9338744f61a02 -> 
  custom:container-muxer-webm: aa71ff27fc2769a1b78a27578f13a17b -> 
  custom:video-decoder-webm-vp8: 9c59270c3fd7afecdb556c50c9e8de78 -> 
  custom:AudioImporter_EditorPlatform: d09bf68614088b80899f8185d706f6e7 -> 
  custom:video-encoder-webm-vp8: eb34c28f22e8b96e1ab97ce403110664 -> 
  custom:audio-decoder-ogg-vorbis: bf7c407c2cedff20999df2af8eb42d56 -> 
  custom:audio-encoder-webm-vorbis: bf7c407c2cedff20999df2af8eb42d56 -> 
========================================================================
Received Import Request.
  Time since last request: 41.808019 seconds.
  path: Assets/Prefabs/Pipe.prefab
  artifactKey: Guid(fb74199c9508eef41bb91ea657f0652f) Importer(815301076,1909f56bfc062723c751e8b465ee728b)
Start importing Assets/Prefabs/Pipe.prefab using Guid(fb74199c9508eef41bb91ea657f0652f) Importer(815301076,1909f56bfc062723c751e8b465ee728b)  -> (artifact id: 'df5b96d9d83ff1b6c088ce596c252a13') in 0.139635 seconds 
Number of updated asset objects reloaded before import = 0
Number of asset objects unloaded after import = 30
========================================================================
Received Import Request.
  Time since last request: 11.371923 seconds.
  path: Assets/Prefabs/Pipe.prefab
  artifactKey: Guid(fb74199c9508eef41bb91ea657f0652f) Importer(815301076,1909f56bfc062723c751e8b465ee728b)
Start importing Assets/Prefabs/Pipe.prefab using Guid(fb74199c9508eef41bb91ea657f0652f) Importer(815301076,1909f56bfc062723c751e8b465ee728b)  -> (artifact id: '279c8419d63e554bd25e6d6ad40ea292') in 0.019046 seconds 
Number of updated asset objects reloaded before import = 0
Number of asset objects unloaded after import = 30
========================================================================
Received Import Request.
  Time since last request: 33.800625 seconds.
  path: Assets/Prefabs/Background.prefab
  artifactKey: Guid(3d100cd5a56350a4f928a196fb377137) Importer(815301076,1909f56bfc062723c751e8b465ee728b)
Start importing Assets/Prefabs/Background.prefab using Guid(3d100cd5a56350a4f928a196fb377137) Importer(815301076,1909f56bfc062723c751e8b465ee728b)  -> (artifact id: 'a2544de7c69e8c586c29888e239dd374') in 0.026704 seconds 
Number of updated asset objects reloaded before import = 0
Number of asset objects unloaded after import = 20
========================================================================
Received Import Request.
  Time since last request: 437.839060 seconds.
  path: Assets/Prefabs/Pipe.prefab
  artifactKey: Guid(fb74199c9508eef41bb91ea657f0652f) Importer(815301076,1909f56bfc062723c751e8b465ee728b)
Start importing Assets/Prefabs/Pipe.prefab using Guid(fb74199c9508eef41bb91ea657f0652f) Importer(815301076,1909f56bfc062723c751e8b465ee728b)  -> (artifact id: '596a1a62f54b7c8c89820ed9eca94e68') in 0.023053 seconds 
Number of updated asset objects reloaded before import = 0
Number of asset objects unloaded after import = 31
========================================================================
Received Import Request.
  Time since last request: 68.229210 seconds.
  path: Assets/Prefabs/Pipe.prefab
  artifactKey: Guid(fb74199c9508eef41bb91ea657f0652f) Importer(815301076,1909f56bfc062723c751e8b465ee728b)
Start importing Assets/Prefabs/Pipe.prefab using Guid(fb74199c9508eef41bb91ea657f0652f) Importer(815301076,1909f56bfc062723c751e8b465ee728b)  -> (artifact id: 'd6491b1e3b3a2bb3cb041a921286ec8a') in 0.075662 seconds 
Number of updated asset objects reloaded before import = 0
Number of asset objects unloaded after import = 14
